{"numFailedTestSuites":1,"numFailedTests":1,"numPassedTestSuites":1,"numPassedTests":14,"numPendingTestSuites":0,"numPendingTests":0,"numRuntimeErrorTestSuites":0,"numTodoTests":0,"numTotalTestSuites":2,"numTotalTests":15,"openHandles":[],"snapshot":{"added":0,"didUpdate":false,"failure":false,"filesAdded":0,"filesRemoved":0,"filesRemovedList":[],"filesUnmatched":0,"filesUpdated":0,"matched":0,"total":0,"unchecked":0,"uncheckedKeysByFile":[],"unmatched":0,"updated":0},"startTime":1786478630271,"success":false,"testResults":[{"assertionResults":[{"ancestorTitles":["Trip Wallet initialization"],"duration":3810,"failing":false,"failureDetails":[],"failureMessages":[],"fullName":"Trip Wallet initialization creates TripWallet and PAYMENT_RECEIVED transaction on payment confirmation","invocations":1,"location":null,"numPassingAsserts":17,"retryReasons":[],"startAt":1786478693003,"status":"passed","title":"creates TripWallet and PAYMENT_RECEIVED transaction on payment confirmation"},{"ancestorTitles":["Trip Wallet initialization"],"duration":6511,"failing":false,"failureDetails":[],"failureMessages":[],"fullName":"Trip Wallet initialization prevents unauthorized users from viewing another customer's wallet","invocations":1,"location":null,"numPassingAsserts":1,"retryReasons":[],"startAt":1786478696816,"status":"passed","title":"prevents unauthorized users from viewing another customer's wallet"},{"ancestorTitles":["Trip Wallet initialization"],"duration":5296,"failing":false,"failureDetails":[],"failureMessages":[],"fullName":"Trip Wallet initialization allows the correct driver to retrieve their trip wallet and blocks other drivers/customers","invocations":1,"location":null,"numPassingAsserts":17,"retryReasons":[],"startAt":1786478703327,"status":"passed","title":"allows the correct driver to retrieve their trip wallet and blocks other drivers/customers"},{"ancestorTitles":["Trip Wallet initialization"],"duration":4284,"failing":false,"failureDetails":[{"matcherResult":{"actual":409,"expected":200,"message":"\u001b[2mexpect(\u001b[22m\u001b[31mreceived\u001b[39m\u001b[2m).\u001b[22mtoBe\u001b[2m(\u001b[22m\u001b[32mexpected\u001b[39m\u001b[2m) // Object.is equality\u001b[22m\n\nExpected: \u001b[32m200\u001b[39m\nReceived: \u001b[31m409\u001b[39m","name":"toBe","pass":false}}],"failureMessages":["Error: \u001b[2mexpect(\u001b[22m\u001b[31mreceived\u001b[39m\u001b[2m).\u001b[22mtoBe\u001b[2m(\u001b[22m\u001b[32mexpected\u001b[39m\u001b[2m) // Object.is equality\u001b[22m\n\nExpected: \u001b[32m200\u001b[39m\nReceived: \u001b[31m409\u001b[39m\n    at Object.<anonymous> (C:\\Users\\USER\\OneDrive\\Documents\\CarGo Ke\\tests\\wallet.test.ts:346:41)\n    at processTicksAndRejections (node:internal/process/task_queues:105:5)"],"fullName":"Trip Wallet initialization releases driver funds in two stages and blocks duplicate releases","invocations":1,"location":null,"numPassingAsserts":3,"retryReasons":[],"startAt":1786478708624,"status":"failed","title":"releases driver funds in two stages and blocks duplicate releases"},{"ancestorTitles":["Trip Wallet initialization"],"duration":9892,"failing":false,"failureDetails":[],"failureMessages":[],"fullName":"Trip Wallet initialization prevents another driver from releasing funds for a trip they do not own","invocations":1,"location":null,"numPassingAsserts":4,"retryReasons":[],"startAt":1786478713014,"status":"passed","title":"prevents another driver from releasing funds for a trip they do not own"}],"endTime":1786478724183,"message":"\u001b[1m\u001b[31m  \u001b[1m● \u001b[22m\u001b[1mTrip Wallet initialization › releases driver funds in two stages and blocks duplicate releases\u001b[39m\u001b[22m\n\n    \u001b[2mexpect(\u001b[22m\u001b[31mreceived\u001b[39m\u001b[2m).\u001b[22mtoBe\u001b[2m(\u001b[22m\u001b[32mexpected\u001b[39m\u001b[2m) // Object.is equality\u001b[22m\n\n    Expected: \u001b[32m200\u001b[39m\n    Received: \u001b[31m409\u001b[39m\n\u001b[2m\u001b[22m\n\u001b[2m    \u001b[0m \u001b[90m 344 |\u001b[39m       \u001b[33m.\u001b[39m\u001b[36mset\u001b[39m(\u001b[32m\"Authorization\"\u001b[39m\u001b[33m,\u001b[39m \u001b[32m`Bearer ${driverToken}`\u001b[39m)\u001b[33m;\u001b[39m\u001b[22m\n\u001b[2m     \u001b[90m 345 |\u001b[39m\u001b[22m\n\u001b[2m    \u001b[31m\u001b[1m>\u001b[22m\u001b[2m\u001b[39m\u001b[90m 346 |\u001b[39m     expect(firstReleaseResponse\u001b[33m.\u001b[39mstatus)\u001b[33m.\u001b[39mtoBe(\u001b[35m200\u001b[39m)\u001b[33m;\u001b[39m\u001b[22m\n\u001b[2m     \u001b[90m     |\u001b[39m                                         \u001b[31m\u001b[1m^\u001b[22m\u001b[2m\u001b[39m\u001b[22m\n\u001b[2m     \u001b[90m 347 |\u001b[39m     expect(firstReleaseResponse\u001b[33m.\u001b[39mbody\u001b[33m.\u001b[39mdata\u001b[33m.\u001b[39mamount)\u001b[33m.\u001b[39mtoBe(\u001b[35m12000\u001b[39m)\u001b[33m;\u001b[39m\u001b[22m\n\u001b[2m     \u001b[90m 348 |\u001b[39m     expect(firstReleaseResponse\u001b[33m.\u001b[39mbody\u001b[33m.\u001b[39mdata\u001b[33m.\u001b[39mtype)\u001b[33m.\u001b[39mtoBe(\u001b[32m\"DRIVER_FIRST_RELEASE\"\u001b[39m)\u001b[33m;\u001b[39m\u001b[22m\n\u001b[2m     \u001b[90m 349 |\u001b[39m\u001b[0m\u001b[22m\n\u001b[2m\u001b[22m\n\u001b[2m      \u001b[2mat Object.<anonymous> (\u001b[22m\u001b[2m\u001b[0m\u001b[36mtests/wallet.test.ts\u001b[39m\u001b[0m\u001b[2m:346:41)\u001b[22m\u001b[2m\u001b[22m\n","name":"C:\\Users\\USER\\OneDrive\\Documents\\CarGo Ke\\tests\\wallet.test.ts","startTime":1786478642837,"status":"failed","summary":""},{"assertionResults":[{"ancestorTitles":["Payment Confirmation module"],"duration":3018,"failing":false,"failureDetails":[],"failureMessages":[],"fullName":"Payment Confirmation module creates a trip record when a quote is selected","invocations":1,"location":null,"numPassingAsserts":9,"retryReasons":[],"startAt":1786478736227,"status":"passed","title":"creates a trip record when a quote is selected"},{"ancestorTitles":["Payment Confirmation module"],"duration":2771,"failing":false,"failureDetails":[],"failureMessages":[],"fullName":"Payment Confirmation module allows creating a payment for a pending trip","invocations":1,"location":null,"numPassingAsserts":6,"retryReasons":[],"startAt":1786478739246,"status":"passed","title":"allows creating a payment for a pending trip"},{"ancestorTitles":["Payment Confirmation module"],"duration":2833,"failing":false,"failureDetails":[],"failureMessages":[],"fullName":"Payment Confirmation module prevents unauthorized users from creating payments for another customer's trip","invocations":1,"location":null,"numPassingAsserts":2,"retryReasons":[],"startAt":1786478742018,"status":"passed","title":"prevents unauthorized users from creating payments for another customer's trip"},{"ancestorTitles":["Payment Confirmation module"],"duration":2474,"failing":false,"failureDetails":[],"failureMessages":[],"fullName":"Payment Confirmation module ignores a client-supplied amount and uses the trip booking amount","invocations":1,"location":null,"numPassingAsserts":4,"retryReasons":[],"startAt":1786478744851,"status":"passed","title":"ignores a client-supplied amount and uses the trip booking amount"},{"ancestorTitles":["Payment Confirmation module"],"duration":3806,"failing":false,"failureDetails":[],"failureMessages":[],"fullName":"Payment Confirmation module prevents a driver from confirming another customer's payment","invocations":1,"location":null,"numPassingAsserts":2,"retryReasons":[],"startAt":1786478747326,"status":"passed","title":"prevents a driver from confirming another customer's payment"},{"ancestorTitles":["Payment Confirmation module"],"duration":3611,"failing":false,"failureDetails":[],"failureMessages":[],"fullName":"Payment Confirmation module prevents confirming a payment when the trip is cancelled","invocations":1,"location":null,"numPassingAsserts":2,"retryReasons":[],"startAt":1786478751133,"status":"passed","title":"prevents confirming a payment when the trip is cancelled"},{"ancestorTitles":["Payment Confirmation module"],"duration":1773,"failing":false,"failureDetails":[],"failureMessages":[],"fullName":"Payment Confirmation module returns 404 when confirming a nonexistent payment","invocations":1,"location":null,"numPassingAsserts":1,"retryReasons":[],"startAt":1786478754745,"status":"passed","title":"returns 404 when confirming a nonexistent payment"},{"ancestorTitles":["Payment Confirmation module"],"duration":4500,"failing":false,"failureDetails":[],"failureMessages":[],"fullName":"Payment Confirmation module confirms a pending payment and marks the trip/booked request appropriately","invocations":1,"location":null,"numPassingAsserts":5,"retryReasons":[],"startAt":1786478756518,"status":"passed","title":"confirms a pending payment and marks the trip/booked request appropriately"},{"ancestorTitles":["Payment Confirmation module"],"duration":3640,"failing":false,"failureDetails":[],"failureMessages":[],"fullName":"Payment Confirmation module prevents duplicate payment creation for the same trip","invocations":1,"location":null,"numPassingAsserts":3,"retryReasons":[],"startAt":1786478761019,"status":"passed","title":"prevents duplicate payment creation for the same trip"},{"ancestorTitles":["Payment Confirmation module"],"duration":3224,"failing":false,"failureDetails":[],"failureMessages":[],"fullName":"Payment Confirmation module prevents confirming a non-pending payment","invocations":1,"location":null,"numPassingAsserts":2,"retryReasons":[],"startAt":1786478764660,"status":"passed","title":"prevents confirming a non-pending payment"}],"endTime":1786478768077,"message":"","name":"C:\\Users\\USER\\OneDrive\\Documents\\CarGo Ke\\tests\\payment.test.ts","startTime":1786478724375,"status":"passed","summary":""}],"wasInterrupted":false}
